<?xml version="1.0" encoding="UTF-8"?>
<!-- Generated by org.testng.reporters.JUnitReportReporter -->
<testsuite hostname="DESKTOP-4DE5P58" failures="0" tests="1" name="tests.LoginTest" time="7.160" errors="0" timestamp="2021-12-22T19:33:32 IST" skipped="0">
  <testcase classname="tests.LoginTest" name="LoginApplication" time="7.160"/>
  <system-out/>
</testsuite> <!-- tests.LoginTest -->
