<?xml version="1.0" encoding="UTF-8"?>
<!-- Generated by org.testng.reporters.JUnitReportReporter -->
<testsuite hostname="DESKTOP-SIA03DS" failures="0" tests="1" name="tests.LoginTest" time="13.949" errors="0" timestamp="2022-09-20T14:00:33 IST" skipped="0">
  <testcase classname="tests.LoginTest" name="Validate_LoginApplication" time="13.949"/>
  <system-out/>
</testsuite> <!-- tests.LoginTest -->
