<?xml version="1.0" encoding="UTF-8"?>
<!-- Generated by org.testng.reporters.JUnitReportReporter -->
<testsuite hostname="DESKTOP-4DE5P58" failures="0" tests="1" name="tests.LoginTest" time="7.949" errors="0" timestamp="2021-12-23T22:07:52 IST" skipped="0">
  <testcase classname="tests.LoginTest" name="Validate_LoginApplication" time="7.949"/>
  <system-out/>
</testsuite> <!-- tests.LoginTest -->
